<?xml version="1.0" encoding="UTF-8"?>
<!-- Generated by org.testng.reporters.JUnitXMLReporter -->
<testsuite hostname="SWLL124" name="Test" tests="8" failures="4" timestamp="16 Apr 2020 17:20:18 GMT" time="9.615" errors="0">
  <testcase name="@BeforeClass SetUpStart" time="0.0" classname="com.qa.Test.HomePageTest">
    <failure type="java.lang.IllegalStateException" message="The driver executable does not exist: D:\Akshaya\General\Other\eclipse\chromedriver_win32\chromedriver.exe">
      <![CDATA[java.lang.IllegalStateException: The driver executable does not exist: D:\Akshaya\General\Other\eclipse\chromedriver_win32\chromedriver.exe
	at com.google.common.base.Preconditions.checkState(Preconditions.java:534)
	at org.openqa.selenium.remote.service.DriverService.checkExecutable(DriverService.java:136)
	at org.openqa.selenium.remote.service.DriverService.findExecutable(DriverService.java:131)
	at org.openqa.selenium.chrome.ChromeDriverService.access$000(ChromeDriverService.java:32)
	at org.openqa.selenium.chrome.ChromeDriverService$Builder.findDefaultExecutable(ChromeDriverService.java:137)
	at org.openqa.selenium.remote.service.DriverService$Builder.build(DriverService.java:329)
	at org.openqa.selenium.chrome.ChromeDriverService.createDefaultService(ChromeDriverService.java:88)
	at org.openqa.selenium.chrome.ChromeDriver.<init>(ChromeDriver.java:156)
	at com.qa.Base.BasePage.Initialization(BasePage.java:22)
	at com.qa.Test.HomePageTest.SetUpStart(HomePageTest.java:19)
... Removed 24 stack frames]]>
    </failure>
  </testcase> <!-- @BeforeClass SetUpStart -->
  <testcase name="@AfterClass SetUpEnd" time="0.0" classname="com.qa.Test.HomePageTest">
    <skipped/>
  </testcase> <!-- @AfterClass SetUpEnd -->
  <testcase name="ValidatePageTitle" time="0.005" classname="com.qa.Test.HomePageTest">
    <skipped/>
  </testcase> <!-- ValidatePageTitle -->
  <testcase name="ValidatePageLogo" time="0.003" classname="com.qa.Test.HomePageTest">
    <skipped/>
  </testcase> <!-- ValidatePageLogo -->
  <testcase name="Accept_Cookie_Policy" time="0.003" classname="com.qa.Test.HomePageTest">
    <skipped/>
  </testcase> <!-- Accept_Cookie_Policy -->
  <testcase name="Navigate_To_JobSearch_Link" time="0.003" classname="com.qa.Test.HomePageTest">
    <skipped/>
  </testcase> <!-- Navigate_To_JobSearch_Link -->
  <testcase name="SearchJobs_With_InvalidData" time="4.011" classname="com.qa.Test.ExternalJobSearchTest">
    <failure type="java.lang.NullPointerException">
      <![CDATA[java.lang.NullPointerException
	at org.openqa.selenium.support.pagefactory.DefaultElementLocator.findElement(DefaultElementLocator.java:69)
	at org.openqa.selenium.support.pagefactory.internal.LocatingElementHandler.invoke(LocatingElementHandler.java:38)
	at com.sun.proxy.$Proxy10.sendKeys(Unknown Source)
	at com.qa.Pages.ExternalJobSearch.SearchJobsWithInvalidData(ExternalJobSearch.java:152)
	at com.qa.Test.ExternalJobSearchTest.SearchJobs_With_InvalidData(ExternalJobSearchTest.java:31)
... Removed 24 stack frames]]>
    </failure>
  </testcase> <!-- SearchJobs_With_InvalidData -->
  <testcase name="SearchJobs_With_SortingOptions" time="0.062" classname="com.qa.Test.ExternalJobSearchTest">
    <failure type="java.lang.NullPointerException">
      <![CDATA[java.lang.NullPointerException
	at com.qa.Pages.ExternalJobSearch.ValidateJobsSortingFunctionality(ExternalJobSearch.java:163)
	at com.qa.Test.ExternalJobSearchTest.SearchJobs_With_SortingOptions(ExternalJobSearchTest.java:36)
... Removed 24 stack frames]]>
    </failure>
  </testcase> <!-- SearchJobs_With_SortingOptions -->
  <testcase name="SearchJobs_With_Pagination" time="0.006" classname="com.qa.Test.ExternalJobSearchTest">
    <failure type="java.lang.NullPointerException">
      <![CDATA[java.lang.NullPointerException
	at com.qa.Pages.ExternalJobSearch.ValidateJobsPaginationFunctionality(ExternalJobSearch.java:172)
	at com.qa.Test.ExternalJobSearchTest.SearchJobs_With_Pagination(ExternalJobSearchTest.java:42)
... Removed 24 stack frames]]>
    </failure>
  </testcase> <!-- SearchJobs_With_Pagination -->
  <testcase name="Search_Jobs_With_ValidData" time="4.004" classname="com.qa.Test.ExternalJobSearchTest">
    <failure type="java.lang.NullPointerException">
      <![CDATA[java.lang.NullPointerException
	at org.openqa.selenium.support.pagefactory.DefaultElementLocator.findElement(DefaultElementLocator.java:69)
	at org.openqa.selenium.support.pagefactory.internal.LocatingElementHandler.invoke(LocatingElementHandler.java:38)
	at com.sun.proxy.$Proxy10.clear(Unknown Source)
	at com.qa.Pages.ExternalJobSearch.SearchJobsWithValidData(ExternalJobSearch.java:116)
	at com.qa.Test.ExternalJobSearchTest.Search_Jobs_With_ValidData(ExternalJobSearchTest.java:48)
... Removed 24 stack frames]]>
    </failure>
  </testcase> <!-- Search_Jobs_With_ValidData -->
</testsuite> <!-- Test -->
